In file included from [01m[K/opt/ros/kinetic/include/ros/serialization.h:37:0[m[K,
                 from [01m[K/opt/ros/kinetic/include/ros/publisher.h:34[m[K,
                 from [01m[K/opt/ros/kinetic/include/ros/node_handle.h:32[m[K,
                 from [01m[K/opt/ros/kinetic/include/ros/ros.h:45[m[K,
                 from [01m[K/home/tprobotics/Documents/PROJECTS/catkin_ws/src/cellulo_swarm_practical_base/ros_cellulo_practical/src/ros_cellulo_interaction/ros_cellulo_leader_node.cpp:1[m[K:
/opt/ros/kinetic/include/ros/message_traits.h: In instantiation of â€˜[01m[Kstatic const char* ros::message_traits::MD5Sum<M>::value(const M&) [with M = std::__cxx11::basic_string<char>][m[Kâ€™:
[01m[K/opt/ros/kinetic/include/ros/message_traits.h:255:102:[m[K   required from â€˜[01m[Kconst char* ros::message_traits::md5sum(const M&) [with M = std::__cxx11::basic_string<char>][m[Kâ€™
[01m[K/opt/ros/kinetic/include/ros/publisher.h:112:7:[m[K   required from â€˜[01m[Kvoid ros::Publisher::publish(const M&) const [with M = std::__cxx11::basic_string<char>][m[Kâ€™
[01m[K/home/tprobotics/Documents/PROJECTS/catkin_ws/src/cellulo_swarm_practical_base/ros_cellulo_practical/src/ros_cellulo_interaction/ros_cellulo_leader_node.cpp:67:45:[m[K   required from here
[01m[K/opt/ros/kinetic/include/ros/message_traits.h:126:34:[m[K [01;31m[Kerror: [m[Kâ€˜[01m[Kconst class std::__cxx11::basic_string<char>[m[Kâ€™ has no member named â€˜[01m[K__getMD5Sum[m[Kâ€™
     return m.__getMD5Sum().c_str();
[01;32m[K                                  ^[m[K
/opt/ros/kinetic/include/ros/message_traits.h: In instantiation of â€˜[01m[Kstatic const char* ros::message_traits::DataType<M>::value(const M&) [with M = std::__cxx11::basic_string<char>][m[Kâ€™:
[01m[K/opt/ros/kinetic/include/ros/message_traits.h:264:104:[m[K   required from â€˜[01m[Kconst char* ros::message_traits::datatype(const M&) [with M = std::__cxx11::basic_string<char>][m[Kâ€™
[01m[K/opt/ros/kinetic/include/ros/publisher.h:112:7:[m[K   required from â€˜[01m[Kvoid ros::Publisher::publish(const M&) const [with M = std::__cxx11::basic_string<char>][m[Kâ€™
[01m[K/home/tprobotics/Documents/PROJECTS/catkin_ws/src/cellulo_swarm_practical_base/ros_cellulo_practical/src/ros_cellulo_interaction/ros_cellulo_leader_node.cpp:67:45:[m[K   required from here
[01m[K/opt/ros/kinetic/include/ros/message_traits.h:143:36:[m[K [01;31m[Kerror: [m[Kâ€˜[01m[Kconst class std::__cxx11::basic_string<char>[m[Kâ€™ has no member named â€˜[01m[K__getDataType[m[Kâ€™
     return m.__getDataType().c_str();
[01;32m[K                                    ^[m[K
make[2]: *** [CMakeFiles/ros_cellulo_leader.dir/src/ros_cellulo_interaction/ros_cellulo_leader_node.cpp.o] Error 1
make[1]: *** [CMakeFiles/ros_cellulo_leader.dir/all] Error 2
make: *** [all] Error 2
