[01m[K/home/tprobotics/Documents/PROJECTS/catkin_ws/src/cellulo_swarm_practical_base/ros_cellulo_practical/src/ros_cellulo_coverage/RosCelluloCoverage.cpp:[m[K In member function â€˜[01m[Kvoid RosCelluloCoverage::calculate_new_velocities()[m[Kâ€™:
[01m[K/home/tprobotics/Documents/PROJECTS/catkin_ws/src/cellulo_swarm_practical_base/ros_cellulo_practical/src/ros_cellulo_coverage/RosCelluloCoverage.cpp:126:60:[m[K [01;31m[Kerror: [m[Kexpected â€˜[01m[K)[m[Kâ€™ before â€˜[01m[K![m[Kâ€™ token
                 if(abs(distances_to_robots[j].x > 0.2) && r! = 0)
[01;32m[K                                                            ^[m[K
[01m[K/home/tprobotics/Documents/PROJECTS/catkin_ws/src/cellulo_swarm_practical_base/ros_cellulo_practical/src/ros_cellulo_coverage/RosCelluloCoverage.cpp:128:60:[m[K [01;31m[Kerror: [m[Kexpected â€˜[01m[K)[m[Kâ€™ before â€˜[01m[K![m[Kâ€™ token
                 if(abs(distances_to_robots[j].y > 0.2) && r! = 0)
[01;32m[K                                                            ^[m[K
make[2]: *** [CMakeFiles/ros_cellulo_coverage.dir/src/ros_cellulo_coverage/RosCelluloCoverage.cpp.o] Error 1
make[1]: *** [CMakeFiles/ros_cellulo_coverage.dir/all] Error 2
make: *** [all] Error 2
